0 info it worked if it ends with ok
1 verbose cli [ 'C:\\Program Files\\nodejs\\node.exe',
1 verbose cli   'C:\\Program Files\\nodejs\\node_modules\\npm\\bin\\npm-cli.js',
1 verbose cli   'i',
1 verbose cli   'bcrypt-as-promised',
1 verbose cli   '--save' ]
2 info using npm@3.10.10
3 info using node@v6.10.0
4 silly loadCurrentTree Starting
5 silly install loadCurrentTree
6 silly install readLocalPackageData
7 silly fetchPackageMetaData bcrypt-as-promised@^1.1.0
8 silly fetchNamedPackageData bcrypt-as-promised
9 silly mapToRegistry name bcrypt-as-promised
10 silly mapToRegistry using default registry
11 silly mapToRegistry registry https://registry.npmjs.org/
12 silly mapToRegistry data Result {
12 silly mapToRegistry   raw: 'bcrypt-as-promised',
12 silly mapToRegistry   scope: null,
12 silly mapToRegistry   escapedName: 'bcrypt-as-promised',
12 silly mapToRegistry   name: 'bcrypt-as-promised',
12 silly mapToRegistry   rawSpec: '',
12 silly mapToRegistry   spec: 'latest',
12 silly mapToRegistry   type: 'tag' }
13 silly mapToRegistry uri https://registry.npmjs.org/bcrypt-as-promised
14 verbose request uri https://registry.npmjs.org/bcrypt-as-promised
15 verbose request no auth needed
16 info attempt registry request try #1 at 12:58:51 PM
17 verbose request id 5be191bf8b82f6b0
18 verbose etag W/"5693f549-1483"
19 verbose lastModified Mon, 11 Jan 2016 18:32:41 GMT
20 http request GET https://registry.npmjs.org/bcrypt-as-promised
21 http 304 https://registry.npmjs.org/bcrypt-as-promised
22 verbose headers { date: 'Thu, 13 Apr 2017 17:58:52 GMT',
22 verbose headers   via: '1.1 varnish',
22 verbose headers   'cache-control': 'max-age=300',
22 verbose headers   etag: 'W/"5693f549-1483"',
22 verbose headers   age: '0',
22 verbose headers   connection: 'keep-alive',
22 verbose headers   'x-served-by': 'cache-dfw1825-DFW',
22 verbose headers   'x-cache': 'MISS',
22 verbose headers   'x-cache-hits': '0',
22 verbose headers   'x-timer': 'S1492106332.092757,VS0,VE40',
22 verbose headers   vary: 'Accept-Encoding' }
23 silly get cb [ 304,
23 silly get   { date: 'Thu, 13 Apr 2017 17:58:52 GMT',
23 silly get     via: '1.1 varnish',
23 silly get     'cache-control': 'max-age=300',
23 silly get     etag: 'W/"5693f549-1483"',
23 silly get     age: '0',
23 silly get     connection: 'keep-alive',
23 silly get     'x-served-by': 'cache-dfw1825-DFW',
23 silly get     'x-cache': 'MISS',
23 silly get     'x-cache-hits': '0',
23 silly get     'x-timer': 'S1492106332.092757,VS0,VE40',
23 silly get     vary: 'Accept-Encoding' } ]
24 verbose etag https://registry.npmjs.org/bcrypt-as-promised from cache
25 verbose get saving bcrypt-as-promised to C:\Users\SFWK-C0GBPX1\AppData\Roaming\npm-cache\registry.npmjs.org\bcrypt-as-promised\.cache.json
26 verbose correctMkdir C:\Users\SFWK-C0GBPX1\AppData\Roaming\npm-cache correctMkdir not in flight; initializing
27 silly install normalizeTree
28 silly loadCurrentTree Finishing
29 silly loadIdealTree Starting
30 silly install loadIdealTree
31 silly cloneCurrentTree Starting
32 silly install cloneCurrentTreeToIdealTree
33 silly cloneCurrentTree Finishing
34 silly loadShrinkwrap Starting
35 silly install loadShrinkwrap
36 silly loadShrinkwrap Finishing
37 silly loadAllDepsIntoIdealTree Starting
38 silly install loadAllDepsIntoIdealTree
39 silly resolveWithNewModule bcrypt-as-promised@1.1.0 checking installable status
40 silly cache add args [ 'bcrypt-as-promised@^1.1.0', null ]
41 verbose cache add spec bcrypt-as-promised@^1.1.0
42 silly cache add parsed spec Result {
42 silly cache add   raw: 'bcrypt-as-promised@^1.1.0',
42 silly cache add   scope: null,
42 silly cache add   escapedName: 'bcrypt-as-promised',
42 silly cache add   name: 'bcrypt-as-promised',
42 silly cache add   rawSpec: '^1.1.0',
42 silly cache add   spec: '>=1.1.0 <2.0.0',
42 silly cache add   type: 'range' }
43 silly addNamed bcrypt-as-promised@>=1.1.0 <2.0.0
44 verbose addNamed ">=1.1.0 <2.0.0" is a valid semver range for bcrypt-as-promised
45 silly addNameRange { name: 'bcrypt-as-promised',
45 silly addNameRange   range: '>=1.1.0 <2.0.0',
45 silly addNameRange   hasData: false }
46 silly mapToRegistry name bcrypt-as-promised
47 silly mapToRegistry using default registry
48 silly mapToRegistry registry https://registry.npmjs.org/
49 silly mapToRegistry data Result {
49 silly mapToRegistry   raw: 'bcrypt-as-promised',
49 silly mapToRegistry   scope: null,
49 silly mapToRegistry   escapedName: 'bcrypt-as-promised',
49 silly mapToRegistry   name: 'bcrypt-as-promised',
49 silly mapToRegistry   rawSpec: '',
49 silly mapToRegistry   spec: 'latest',
49 silly mapToRegistry   type: 'tag' }
50 silly mapToRegistry uri https://registry.npmjs.org/bcrypt-as-promised
51 verbose addNameRange registry:https://registry.npmjs.org/bcrypt-as-promised not in flight; fetching
52 verbose get https://registry.npmjs.org/bcrypt-as-promised not expired, no request
53 silly addNameRange number 2 { name: 'bcrypt-as-promised',
53 silly addNameRange   range: '>=1.1.0 <2.0.0',
53 silly addNameRange   hasData: true }
54 silly addNameRange versions [ 'bcrypt-as-promised', [ '1.0.0', '1.0.1', '1.1.0' ] ]
55 silly addNamed bcrypt-as-promised@1.1.0
56 verbose addNamed "1.1.0" is a plain semver version for bcrypt-as-promised
57 silly cache afterAdd bcrypt-as-promised@1.1.0
58 verbose afterAdd C:\Users\SFWK-C0GBPX1\AppData\Roaming\npm-cache\bcrypt-as-promised\1.1.0\package\package.json not in flight; writing
59 verbose correctMkdir C:\Users\SFWK-C0GBPX1\AppData\Roaming\npm-cache correctMkdir not in flight; initializing
60 verbose afterAdd C:\Users\SFWK-C0GBPX1\AppData\Roaming\npm-cache\bcrypt-as-promised\1.1.0\package\package.json written
61 silly fetchNamedPackageData bcrypt
62 silly mapToRegistry name bcrypt
63 silly mapToRegistry using default registry
64 silly mapToRegistry registry https://registry.npmjs.org/
65 silly mapToRegistry data Result {
65 silly mapToRegistry   raw: 'bcrypt',
65 silly mapToRegistry   scope: null,
65 silly mapToRegistry   escapedName: 'bcrypt',
65 silly mapToRegistry   name: 'bcrypt',
65 silly mapToRegistry   rawSpec: '',
65 silly mapToRegistry   spec: 'latest',
65 silly mapToRegistry   type: 'tag' }
66 silly mapToRegistry uri https://registry.npmjs.org/bcrypt
67 silly fetchNamedPackageData when
68 silly mapToRegistry name when
69 silly mapToRegistry using default registry
70 silly mapToRegistry registry https://registry.npmjs.org/
71 silly mapToRegistry data Result {
71 silly mapToRegistry   raw: 'when',
71 silly mapToRegistry   scope: null,
71 silly mapToRegistry   escapedName: 'when',
71 silly mapToRegistry   name: 'when',
71 silly mapToRegistry   rawSpec: '',
71 silly mapToRegistry   spec: 'latest',
71 silly mapToRegistry   type: 'tag' }
72 silly mapToRegistry uri https://registry.npmjs.org/when
73 verbose request uri https://registry.npmjs.org/bcrypt
74 verbose request no auth needed
75 info attempt registry request try #1 at 12:58:52 PM
76 verbose etag W/"58eacfc7-16eb6"
77 verbose lastModified Mon, 10 Apr 2017 00:20:23 GMT
78 http request GET https://registry.npmjs.org/bcrypt
79 verbose request uri https://registry.npmjs.org/when
80 verbose request no auth needed
81 info attempt registry request try #1 at 12:58:52 PM
82 verbose etag W/"58eb40f6-1d520"
83 verbose lastModified Mon, 10 Apr 2017 08:23:18 GMT
84 http request GET https://registry.npmjs.org/when
85 http 304 https://registry.npmjs.org/bcrypt
86 verbose headers { date: 'Thu, 13 Apr 2017 17:58:52 GMT',
86 verbose headers   via: '1.1 varnish',
86 verbose headers   'cache-control': 'max-age=300',
86 verbose headers   etag: 'W/"58eacfc7-16eb6"',
86 verbose headers   age: '249',
86 verbose headers   connection: 'keep-alive',
86 verbose headers   'x-served-by': 'cache-dfw1825-DFW',
86 verbose headers   'x-cache': 'HIT',
86 verbose headers   'x-cache-hits': '1',
86 verbose headers   'x-timer': 'S1492106332.295876,VS0,VE1',
86 verbose headers   vary: 'Accept-Encoding' }
87 silly get cb [ 304,
87 silly get   { date: 'Thu, 13 Apr 2017 17:58:52 GMT',
87 silly get     via: '1.1 varnish',
87 silly get     'cache-control': 'max-age=300',
87 silly get     etag: 'W/"58eacfc7-16eb6"',
87 silly get     age: '249',
87 silly get     connection: 'keep-alive',
87 silly get     'x-served-by': 'cache-dfw1825-DFW',
87 silly get     'x-cache': 'HIT',
87 silly get     'x-cache-hits': '1',
87 silly get     'x-timer': 'S1492106332.295876,VS0,VE1',
87 silly get     vary: 'Accept-Encoding' } ]
88 verbose etag https://registry.npmjs.org/bcrypt from cache
89 verbose get saving bcrypt to C:\Users\SFWK-C0GBPX1\AppData\Roaming\npm-cache\registry.npmjs.org\bcrypt\.cache.json
90 verbose correctMkdir C:\Users\SFWK-C0GBPX1\AppData\Roaming\npm-cache correctMkdir not in flight; initializing
91 silly resolveWithNewModule bcrypt@0.8.7 checking installable status
92 silly cache add args [ 'bcrypt@^0.8.0', null ]
93 verbose cache add spec bcrypt@^0.8.0
94 silly cache add parsed spec Result {
94 silly cache add   raw: 'bcrypt@^0.8.0',
94 silly cache add   scope: null,
94 silly cache add   escapedName: 'bcrypt',
94 silly cache add   name: 'bcrypt',
94 silly cache add   rawSpec: '^0.8.0',
94 silly cache add   spec: '>=0.8.0 <0.9.0',
94 silly cache add   type: 'range' }
95 silly addNamed bcrypt@>=0.8.0 <0.9.0
96 verbose addNamed ">=0.8.0 <0.9.0" is a valid semver range for bcrypt
97 silly addNameRange { name: 'bcrypt', range: '>=0.8.0 <0.9.0', hasData: false }
98 silly mapToRegistry name bcrypt
99 silly mapToRegistry using default registry
100 silly mapToRegistry registry https://registry.npmjs.org/
101 silly mapToRegistry data Result {
101 silly mapToRegistry   raw: 'bcrypt',
101 silly mapToRegistry   scope: null,
101 silly mapToRegistry   escapedName: 'bcrypt',
101 silly mapToRegistry   name: 'bcrypt',
101 silly mapToRegistry   rawSpec: '',
101 silly mapToRegistry   spec: 'latest',
101 silly mapToRegistry   type: 'tag' }
102 silly mapToRegistry uri https://registry.npmjs.org/bcrypt
103 verbose addNameRange registry:https://registry.npmjs.org/bcrypt not in flight; fetching
104 http 304 https://registry.npmjs.org/when
105 verbose headers { date: 'Thu, 13 Apr 2017 17:58:52 GMT',
105 verbose headers   via: '1.1 varnish',
105 verbose headers   'cache-control': 'max-age=300',
105 verbose headers   etag: 'W/"58eb40f6-1d520"',
105 verbose headers   age: '234',
105 verbose headers   connection: 'keep-alive',
105 verbose headers   'x-served-by': 'cache-dfw1830-DFW',
105 verbose headers   'x-cache': 'HIT',
105 verbose headers   'x-cache-hits': '2',
105 verbose headers   'x-timer': 'S1492106332.335927,VS0,VE0',
105 verbose headers   vary: 'Accept-Encoding' }
106 silly get cb [ 304,
106 silly get   { date: 'Thu, 13 Apr 2017 17:58:52 GMT',
106 silly get     via: '1.1 varnish',
106 silly get     'cache-control': 'max-age=300',
106 silly get     etag: 'W/"58eb40f6-1d520"',
106 silly get     age: '234',
106 silly get     connection: 'keep-alive',
106 silly get     'x-served-by': 'cache-dfw1830-DFW',
106 silly get     'x-cache': 'HIT',
106 silly get     'x-cache-hits': '2',
106 silly get     'x-timer': 'S1492106332.335927,VS0,VE0',
106 silly get     vary: 'Accept-Encoding' } ]
107 verbose etag https://registry.npmjs.org/when from cache
108 verbose get saving when to C:\Users\SFWK-C0GBPX1\AppData\Roaming\npm-cache\registry.npmjs.org\when\.cache.json
109 verbose correctMkdir C:\Users\SFWK-C0GBPX1\AppData\Roaming\npm-cache correctMkdir not in flight; initializing
110 verbose get https://registry.npmjs.org/bcrypt not expired, no request
111 silly addNameRange number 2 { name: 'bcrypt', range: '>=0.8.0 <0.9.0', hasData: true }
112 silly addNameRange versions [ 'bcrypt',
112 silly addNameRange   [ '0.1.2',
112 silly addNameRange     '0.2.0',
112 silly addNameRange     '0.2.1',
112 silly addNameRange     '0.1.3',
112 silly addNameRange     '0.2.2',
112 silly addNameRange     '0.2.3',
112 silly addNameRange     '0.2.4',
112 silly addNameRange     '0.3.0',
112 silly addNameRange     '0.3.1',
112 silly addNameRange     '0.3.2',
112 silly addNameRange     '0.4.0',
112 silly addNameRange     '0.4.1',
112 silly addNameRange     '0.5.0',
112 silly addNameRange     '0.6.0',
112 silly addNameRange     '0.7.0',
112 silly addNameRange     '0.7.1',
112 silly addNameRange     '0.7.2',
112 silly addNameRange     '0.7.3',
112 silly addNameRange     '0.7.4',
112 silly addNameRange     '0.7.5',
112 silly addNameRange     '0.7.6',
112 silly addNameRange     '0.7.7',
112 silly addNameRange     '0.7.8',
112 silly addNameRange     '0.8.0',
112 silly addNameRange     '0.8.1',
112 silly addNameRange     '0.8.2',
112 silly addNameRange     '0.8.3',
112 silly addNameRange     '0.8.4',
112 silly addNameRange     '0.8.5',
112 silly addNameRange     '0.8.6',
112 silly addNameRange     '0.8.7',
112 silly addNameRange     '1.0.0',
112 silly addNameRange     '1.0.1',
112 silly addNameRange     '1.0.2' ] ]
113 silly addNamed bcrypt@0.8.7
114 verbose addNamed "0.8.7" is a plain semver version for bcrypt
115 silly cache afterAdd bcrypt@0.8.7
116 verbose afterAdd C:\Users\SFWK-C0GBPX1\AppData\Roaming\npm-cache\bcrypt\0.8.7\package\package.json not in flight; writing
117 verbose correctMkdir C:\Users\SFWK-C0GBPX1\AppData\Roaming\npm-cache correctMkdir not in flight; initializing
118 silly resolveWithNewModule when@3.7.8 checking installable status
119 silly cache add args [ 'when@^3.5.2', null ]
120 verbose cache add spec when@^3.5.2
121 silly cache add parsed spec Result {
121 silly cache add   raw: 'when@^3.5.2',
121 silly cache add   scope: null,
121 silly cache add   escapedName: 'when',
121 silly cache add   name: 'when',
121 silly cache add   rawSpec: '^3.5.2',
121 silly cache add   spec: '>=3.5.2 <4.0.0',
121 silly cache add   type: 'range' }
122 silly addNamed when@>=3.5.2 <4.0.0
123 verbose addNamed ">=3.5.2 <4.0.0" is a valid semver range for when
124 silly addNameRange { name: 'when', range: '>=3.5.2 <4.0.0', hasData: false }
125 silly mapToRegistry name when
126 silly mapToRegistry using default registry
127 silly mapToRegistry registry https://registry.npmjs.org/
128 silly mapToRegistry data Result {
128 silly mapToRegistry   raw: 'when',
128 silly mapToRegistry   scope: null,
128 silly mapToRegistry   escapedName: 'when',
128 silly mapToRegistry   name: 'when',
128 silly mapToRegistry   rawSpec: '',
128 silly mapToRegistry   spec: 'latest',
128 silly mapToRegistry   type: 'tag' }
129 silly mapToRegistry uri https://registry.npmjs.org/when
130 verbose addNameRange registry:https://registry.npmjs.org/when not in flight; fetching
131 verbose get https://registry.npmjs.org/when not expired, no request
132 silly addNameRange number 2 { name: 'when', range: '>=3.5.2 <4.0.0', hasData: true }
133 silly addNameRange versions [ 'when',
133 silly addNameRange   [ '1.2.0',
133 silly addNameRange     '1.3.0',
133 silly addNameRange     '1.4.0',
133 silly addNameRange     '1.4.1',
133 silly addNameRange     '1.4.2',
133 silly addNameRange     '1.4.3',
133 silly addNameRange     '1.4.4',
133 silly addNameRange     '1.5.0',
133 silly addNameRange     '1.5.1',
133 silly addNameRange     '1.5.2',
133 silly addNameRange     '1.6.0',
133 silly addNameRange     '1.6.1',
133 silly addNameRange     '1.7.0',
133 silly addNameRange     '1.7.1',
133 silly addNameRange     '1.8.0',
133 silly addNameRange     '1.8.1',
133 silly addNameRange     '2.0.0',
133 silly addNameRange     '2.0.1',
133 silly addNameRange     '2.1.0',
133 silly addNameRange     '2.1.1',
133 silly addNameRange     '2.2.0',
133 silly addNameRange     '2.2.1',
133 silly addNameRange     '2.3.0',
133 silly addNameRange     '2.4.0',
133 silly addNameRange     '2.5.0',
133 silly addNameRange     '2.5.1',
133 silly addNameRange     '2.6.0',
133 silly addNameRange     '2.7.0',
133 silly addNameRange     '2.7.1',
133 silly addNameRange     '2.8.0',
133 silly addNameRange     '3.0.0',
133 silly addNameRange     '3.0.1',
133 silly addNameRange     '3.1.0',
133 silly addNameRange     '3.2.0',
133 silly addNameRange     '3.2.1',
133 silly addNameRange     '3.2.2',
133 silly addNameRange     '3.2.3',
133 silly addNameRange     '3.3.0',
133 silly addNameRange     '3.3.1',
133 silly addNameRange     '3.4.0',
133 silly addNameRange     '3.4.1',
133 silly addNameRange     '3.4.2',
133 silly addNameRange     '3.4.3',
133 silly addNameRange     '3.4.4',
133 silly addNameRange     '3.4.5',
133 silly addNameRange     '3.4.6',
133 silly addNameRange     '3.5.0',
133 silly addNameRange     '3.5.1',
133 silly addNameRange     '3.5.2',
133 silly addNameRange     '3.6.0',
133 silly addNameRange     '3.6.1',
133 silly addNameRange     '3.6.2',
133 silly addNameRange     '3.6.3',
133 silly addNameRange     '3.6.4',
133 silly addNameRange     '3.7.0',
133 silly addNameRange     '3.7.1',
133 silly addNameRange     '3.7.2',
133 silly addNameRange     '3.7.3',
133 silly addNameRange     '3.7.4',
133 silly addNameRange     '3.7.5',
133 silly addNameRange     '3.7.6',
133 silly addNameRange     '3.7.7',
133 silly addNameRange     '3.7.8' ] ]
134 silly addNamed when@3.7.8
135 verbose addNamed "3.7.8" is a plain semver version for when
136 verbose afterAdd C:\Users\SFWK-C0GBPX1\AppData\Roaming\npm-cache\bcrypt\0.8.7\package\package.json written
137 silly cache afterAdd when@3.7.8
138 verbose afterAdd C:\Users\SFWK-C0GBPX1\AppData\Roaming\npm-cache\when\3.7.8\package\package.json not in flight; writing
139 verbose correctMkdir C:\Users\SFWK-C0GBPX1\AppData\Roaming\npm-cache correctMkdir not in flight; initializing
140 verbose afterAdd C:\Users\SFWK-C0GBPX1\AppData\Roaming\npm-cache\when\3.7.8\package\package.json written
141 silly fetchNamedPackageData bindings
142 silly mapToRegistry name bindings
143 silly mapToRegistry using default registry
144 silly mapToRegistry registry https://registry.npmjs.org/
145 silly mapToRegistry data Result {
145 silly mapToRegistry   raw: 'bindings',
145 silly mapToRegistry   scope: null,
145 silly mapToRegistry   escapedName: 'bindings',
145 silly mapToRegistry   name: 'bindings',
145 silly mapToRegistry   rawSpec: '',
145 silly mapToRegistry   spec: 'latest',
145 silly mapToRegistry   type: 'tag' }
146 silly mapToRegistry uri https://registry.npmjs.org/bindings
147 silly fetchNamedPackageData nan
148 silly mapToRegistry name nan
149 silly mapToRegistry using default registry
150 silly mapToRegistry registry https://registry.npmjs.org/
151 silly mapToRegistry data Result {
151 silly mapToRegistry   raw: 'nan',
151 silly mapToRegistry   scope: null,
151 silly mapToRegistry   escapedName: 'nan',
151 silly mapToRegistry   name: 'nan',
151 silly mapToRegistry   rawSpec: '',
151 silly mapToRegistry   spec: 'latest',
151 silly mapToRegistry   type: 'tag' }
152 silly mapToRegistry uri https://registry.npmjs.org/nan
153 verbose request uri https://registry.npmjs.org/bindings
154 verbose request no auth needed
155 info attempt registry request try #1 at 12:58:52 PM
156 verbose etag W/"580645d3-46f7"
157 verbose lastModified Tue, 18 Oct 2016 15:54:59 GMT
158 http request GET https://registry.npmjs.org/bindings
159 verbose request uri https://registry.npmjs.org/nan
160 verbose request no auth needed
161 info attempt registry request try #1 at 12:58:52 PM
162 verbose etag W/"58ee904e-1f9bf"
163 verbose lastModified Wed, 12 Apr 2017 20:38:38 GMT
164 http request GET https://registry.npmjs.org/nan
165 http 304 https://registry.npmjs.org/bindings
166 verbose headers { date: 'Thu, 13 Apr 2017 17:58:52 GMT',
166 verbose headers   via: '1.1 varnish',
166 verbose headers   'cache-control': 'max-age=300',
166 verbose headers   etag: 'W/"580645d3-46f7"',
166 verbose headers   age: '269',
166 verbose headers   connection: 'keep-alive',
166 verbose headers   'x-served-by': 'cache-dfw1825-DFW',
166 verbose headers   'x-cache': 'HIT',
166 verbose headers   'x-cache-hits': '3',
166 verbose headers   'x-timer': 'S1492106333.598367,VS0,VE0',
166 verbose headers   vary: 'Accept-Encoding' }
167 silly get cb [ 304,
167 silly get   { date: 'Thu, 13 Apr 2017 17:58:52 GMT',
167 silly get     via: '1.1 varnish',
167 silly get     'cache-control': 'max-age=300',
167 silly get     etag: 'W/"580645d3-46f7"',
167 silly get     age: '269',
167 silly get     connection: 'keep-alive',
167 silly get     'x-served-by': 'cache-dfw1825-DFW',
167 silly get     'x-cache': 'HIT',
167 silly get     'x-cache-hits': '3',
167 silly get     'x-timer': 'S1492106333.598367,VS0,VE0',
167 silly get     vary: 'Accept-Encoding' } ]
168 verbose etag https://registry.npmjs.org/bindings from cache
169 verbose get saving bindings to C:\Users\SFWK-C0GBPX1\AppData\Roaming\npm-cache\registry.npmjs.org\bindings\.cache.json
170 verbose correctMkdir C:\Users\SFWK-C0GBPX1\AppData\Roaming\npm-cache correctMkdir not in flight; initializing
171 http 304 https://registry.npmjs.org/nan
172 verbose headers { date: 'Thu, 13 Apr 2017 17:58:52 GMT',
172 verbose headers   via: '1.1 varnish',
172 verbose headers   'cache-control': 'max-age=300',
172 verbose headers   etag: 'W/"58ee904e-1f9bf"',
172 verbose headers   age: '166',
172 verbose headers   connection: 'keep-alive',
172 verbose headers   'x-served-by': 'cache-dfw1830-DFW',
172 verbose headers   'x-cache': 'HIT',
172 verbose headers   'x-cache-hits': '5',
172 verbose headers   'x-timer': 'S1492106333.602883,VS0,VE0',
172 verbose headers   vary: 'Accept-Encoding' }
173 silly get cb [ 304,
173 silly get   { date: 'Thu, 13 Apr 2017 17:58:52 GMT',
173 silly get     via: '1.1 varnish',
173 silly get     'cache-control': 'max-age=300',
173 silly get     etag: 'W/"58ee904e-1f9bf"',
173 silly get     age: '166',
173 silly get     connection: 'keep-alive',
173 silly get     'x-served-by': 'cache-dfw1830-DFW',
173 silly get     'x-cache': 'HIT',
173 silly get     'x-cache-hits': '5',
173 silly get     'x-timer': 'S1492106333.602883,VS0,VE0',
173 silly get     vary: 'Accept-Encoding' } ]
174 verbose etag https://registry.npmjs.org/nan from cache
175 verbose get saving nan to C:\Users\SFWK-C0GBPX1\AppData\Roaming\npm-cache\registry.npmjs.org\nan\.cache.json
176 verbose correctMkdir C:\Users\SFWK-C0GBPX1\AppData\Roaming\npm-cache correctMkdir not in flight; initializing
177 silly resolveWithNewModule bindings@1.2.1 checking installable status
178 silly cache add args [ 'bindings@1.2.1', null ]
179 verbose cache add spec bindings@1.2.1
180 silly cache add parsed spec Result {
180 silly cache add   raw: 'bindings@1.2.1',
180 silly cache add   scope: null,
180 silly cache add   escapedName: 'bindings',
180 silly cache add   name: 'bindings',
180 silly cache add   rawSpec: '1.2.1',
180 silly cache add   spec: '1.2.1',
180 silly cache add   type: 'version' }
181 silly addNamed bindings@1.2.1
182 verbose addNamed "1.2.1" is a plain semver version for bindings
183 silly mapToRegistry name bindings
184 silly mapToRegistry using default registry
185 silly mapToRegistry registry https://registry.npmjs.org/
186 silly mapToRegistry data Result {
186 silly mapToRegistry   raw: 'bindings',
186 silly mapToRegistry   scope: null,
186 silly mapToRegistry   escapedName: 'bindings',
186 silly mapToRegistry   name: 'bindings',
186 silly mapToRegistry   rawSpec: '',
186 silly mapToRegistry   spec: 'latest',
186 silly mapToRegistry   type: 'tag' }
187 silly mapToRegistry uri https://registry.npmjs.org/bindings
188 verbose addNameVersion registry:https://registry.npmjs.org/bindings not in flight; fetching
189 verbose get https://registry.npmjs.org/bindings not expired, no request
190 silly resolveWithNewModule nan@2.3.5 checking installable status
191 silly cache add args [ 'nan@2.3.5', null ]
192 verbose cache add spec nan@2.3.5
193 silly cache add parsed spec Result {
193 silly cache add   raw: 'nan@2.3.5',
193 silly cache add   scope: null,
193 silly cache add   escapedName: 'nan',
193 silly cache add   name: 'nan',
193 silly cache add   rawSpec: '2.3.5',
193 silly cache add   spec: '2.3.5',
193 silly cache add   type: 'version' }
194 silly addNamed nan@2.3.5
195 verbose addNamed "2.3.5" is a plain semver version for nan
196 silly mapToRegistry name nan
197 silly mapToRegistry using default registry
198 silly mapToRegistry registry https://registry.npmjs.org/
199 silly mapToRegistry data Result {
199 silly mapToRegistry   raw: 'nan',
199 silly mapToRegistry   scope: null,
199 silly mapToRegistry   escapedName: 'nan',
199 silly mapToRegistry   name: 'nan',
199 silly mapToRegistry   rawSpec: '',
199 silly mapToRegistry   spec: 'latest',
199 silly mapToRegistry   type: 'tag' }
200 silly mapToRegistry uri https://registry.npmjs.org/nan
201 verbose addNameVersion registry:https://registry.npmjs.org/nan not in flight; fetching
202 silly cache afterAdd bindings@1.2.1
203 verbose afterAdd C:\Users\SFWK-C0GBPX1\AppData\Roaming\npm-cache\bindings\1.2.1\package\package.json not in flight; writing
204 verbose correctMkdir C:\Users\SFWK-C0GBPX1\AppData\Roaming\npm-cache correctMkdir not in flight; initializing
205 verbose get https://registry.npmjs.org/nan not expired, no request
206 verbose afterAdd C:\Users\SFWK-C0GBPX1\AppData\Roaming\npm-cache\bindings\1.2.1\package\package.json written
207 silly cache afterAdd nan@2.3.5
208 verbose afterAdd C:\Users\SFWK-C0GBPX1\AppData\Roaming\npm-cache\nan\2.3.5\package\package.json not in flight; writing
209 verbose correctMkdir C:\Users\SFWK-C0GBPX1\AppData\Roaming\npm-cache correctMkdir not in flight; initializing
210 verbose afterAdd C:\Users\SFWK-C0GBPX1\AppData\Roaming\npm-cache\nan\2.3.5\package\package.json written
211 silly loadAllDepsIntoIdealTree Finishing
212 silly loadIdealTree Finishing
213 silly currentTree backend@0.0.0
214 silly idealTree backend@0.0.0
214 silly idealTree +-- bcrypt-as-promised@1.1.0
214 silly idealTree | `-- bcrypt@0.8.7
214 silly idealTree +-- bindings@1.2.1
214 silly idealTree +-- nan@2.3.5
214 silly idealTree `-- when@3.7.8
215 silly generateActionsToTake Starting
216 silly install generateActionsToTake
217 silly generateActionsToTake Finishing
218 silly diffTrees action count 5
219 silly diffTrees add bindings@1.2.1
220 silly diffTrees add nan@2.3.5
221 silly diffTrees add bcrypt@0.8.7
222 silly diffTrees add when@3.7.8
223 silly diffTrees add bcrypt-as-promised@1.1.0
224 silly decomposeActions action count 40
225 silly decomposeActions fetch bindings@1.2.1
226 silly decomposeActions extract bindings@1.2.1
227 silly decomposeActions test bindings@1.2.1
228 silly decomposeActions preinstall bindings@1.2.1
229 silly decomposeActions build bindings@1.2.1
230 silly decomposeActions install bindings@1.2.1
231 silly decomposeActions postinstall bindings@1.2.1
232 silly decomposeActions finalize bindings@1.2.1
233 silly decomposeActions fetch nan@2.3.5
234 silly decomposeActions extract nan@2.3.5
235 silly decomposeActions test nan@2.3.5
236 silly decomposeActions preinstall nan@2.3.5
237 silly decomposeActions build nan@2.3.5
238 silly decomposeActions install nan@2.3.5
239 silly decomposeActions postinstall nan@2.3.5
240 silly decomposeActions finalize nan@2.3.5
241 silly decomposeActions fetch bcrypt@0.8.7
242 silly decomposeActions extract bcrypt@0.8.7
243 silly decomposeActions test bcrypt@0.8.7
244 silly decomposeActions preinstall bcrypt@0.8.7
245 silly decomposeActions build bcrypt@0.8.7
246 silly decomposeActions install bcrypt@0.8.7
247 silly decomposeActions postinstall bcrypt@0.8.7
248 silly decomposeActions finalize bcrypt@0.8.7
249 silly decomposeActions fetch when@3.7.8
250 silly decomposeActions extract when@3.7.8
251 silly decomposeActions test when@3.7.8
252 silly decomposeActions preinstall when@3.7.8
253 silly decomposeActions build when@3.7.8
254 silly decomposeActions install when@3.7.8
255 silly decomposeActions postinstall when@3.7.8
256 silly decomposeActions finalize when@3.7.8
257 silly decomposeActions fetch bcrypt-as-promised@1.1.0
258 silly decomposeActions extract bcrypt-as-promised@1.1.0
259 silly decomposeActions test bcrypt-as-promised@1.1.0
260 silly decomposeActions preinstall bcrypt-as-promised@1.1.0
261 silly decomposeActions build bcrypt-as-promised@1.1.0
262 silly decomposeActions install bcrypt-as-promised@1.1.0
263 silly decomposeActions postinstall bcrypt-as-promised@1.1.0
264 silly decomposeActions finalize bcrypt-as-promised@1.1.0
265 silly runTopLevelLifecycles Starting
266 silly executeActions Starting
267 silly install executeActions
268 silly doSerial global-install 0
269 silly doParallel fetch 5
270 verbose correctMkdir C:\Users\SFWK-C0GBPX1\AppData\Roaming\npm-cache\_locks correctMkdir not in flight; initializing
271 verbose lock using C:\Users\SFWK-C0GBPX1\AppData\Roaming\npm-cache\_locks\staging-2c27288c08e3cbfc.lock for C:\Users\SFWK-C0GBPX1\Desktop\WDI\code\wdi\wdi-atx-10\projects\charityProject\backend\node_modules\.staging
272 silly doParallel extract 5
273 silly extract bindings@1.2.1
274 silly extract nan@2.3.5
275 silly extract bcrypt@0.8.7
276 silly extract when@3.7.8
277 silly extract bcrypt-as-promised@1.1.0
278 verbose unbuild node_modules\.staging\bindings-3ba54819
279 verbose unbuild node_modules\.staging\nan-8aac9830
280 verbose unbuild node_modules\.staging\bcrypt-7386f18f
281 verbose unbuild node_modules\.staging\when-621d0a2f
282 verbose unbuild node_modules\.staging\bcrypt-as-promised-8dca45a8
283 silly gentlyRm C:\Users\SFWK-C0GBPX1\Desktop\WDI\code\wdi\wdi-atx-10\projects\charityProject\backend\node_modules\.staging\bindings-3ba54819 is being purged from base C:\Users\SFWK-C0GBPX1\Desktop\WDI\code\wdi\wdi-atx-10\projects\charityProject\backend
284 verbose gentlyRm don't care about contents; nuking C:\Users\SFWK-C0GBPX1\Desktop\WDI\code\wdi\wdi-atx-10\projects\charityProject\backend\node_modules\.staging\bindings-3ba54819
285 silly gentlyRm C:\Users\SFWK-C0GBPX1\Desktop\WDI\code\wdi\wdi-atx-10\projects\charityProject\backend\node_modules\.staging\nan-8aac9830 is being purged from base C:\Users\SFWK-C0GBPX1\Desktop\WDI\code\wdi\wdi-atx-10\projects\charityProject\backend
286 verbose gentlyRm don't care about contents; nuking C:\Users\SFWK-C0GBPX1\Desktop\WDI\code\wdi\wdi-atx-10\projects\charityProject\backend\node_modules\.staging\nan-8aac9830
287 silly gentlyRm C:\Users\SFWK-C0GBPX1\Desktop\WDI\code\wdi\wdi-atx-10\projects\charityProject\backend\node_modules\.staging\bcrypt-7386f18f is being purged from base C:\Users\SFWK-C0GBPX1\Desktop\WDI\code\wdi\wdi-atx-10\projects\charityProject\backend
288 verbose gentlyRm don't care about contents; nuking C:\Users\SFWK-C0GBPX1\Desktop\WDI\code\wdi\wdi-atx-10\projects\charityProject\backend\node_modules\.staging\bcrypt-7386f18f
289 silly gentlyRm C:\Users\SFWK-C0GBPX1\Desktop\WDI\code\wdi\wdi-atx-10\projects\charityProject\backend\node_modules\.staging\when-621d0a2f is being purged from base C:\Users\SFWK-C0GBPX1\Desktop\WDI\code\wdi\wdi-atx-10\projects\charityProject\backend
290 verbose gentlyRm don't care about contents; nuking C:\Users\SFWK-C0GBPX1\Desktop\WDI\code\wdi\wdi-atx-10\projects\charityProject\backend\node_modules\.staging\when-621d0a2f
291 silly gentlyRm C:\Users\SFWK-C0GBPX1\Desktop\WDI\code\wdi\wdi-atx-10\projects\charityProject\backend\node_modules\.staging\bcrypt-as-promised-8dca45a8 is being purged from base C:\Users\SFWK-C0GBPX1\Desktop\WDI\code\wdi\wdi-atx-10\projects\charityProject\backend
292 verbose gentlyRm don't care about contents; nuking C:\Users\SFWK-C0GBPX1\Desktop\WDI\code\wdi\wdi-atx-10\projects\charityProject\backend\node_modules\.staging\bcrypt-as-promised-8dca45a8
293 verbose tar unpack C:\Users\SFWK-C0GBPX1\AppData\Roaming\npm-cache\bindings\1.2.1\package.tgz
294 verbose tar unpacking to C:\Users\SFWK-C0GBPX1\Desktop\WDI\code\wdi\wdi-atx-10\projects\charityProject\backend\node_modules\.staging\bindings-3ba54819
295 silly gentlyRm C:\Users\SFWK-C0GBPX1\Desktop\WDI\code\wdi\wdi-atx-10\projects\charityProject\backend\node_modules\.staging\bindings-3ba54819 is being purged
296 verbose gentlyRm don't care about contents; nuking C:\Users\SFWK-C0GBPX1\Desktop\WDI\code\wdi\wdi-atx-10\projects\charityProject\backend\node_modules\.staging\bindings-3ba54819
297 verbose tar unpack C:\Users\SFWK-C0GBPX1\AppData\Roaming\npm-cache\nan\2.3.5\package.tgz
298 verbose tar unpacking to C:\Users\SFWK-C0GBPX1\Desktop\WDI\code\wdi\wdi-atx-10\projects\charityProject\backend\node_modules\.staging\nan-8aac9830
299 silly gentlyRm C:\Users\SFWK-C0GBPX1\Desktop\WDI\code\wdi\wdi-atx-10\projects\charityProject\backend\node_modules\.staging\nan-8aac9830 is being purged
300 verbose gentlyRm don't care about contents; nuking C:\Users\SFWK-C0GBPX1\Desktop\WDI\code\wdi\wdi-atx-10\projects\charityProject\backend\node_modules\.staging\nan-8aac9830
301 verbose tar unpack C:\Users\SFWK-C0GBPX1\AppData\Roaming\npm-cache\bcrypt\0.8.7\package.tgz
302 verbose tar unpacking to C:\Users\SFWK-C0GBPX1\Desktop\WDI\code\wdi\wdi-atx-10\projects\charityProject\backend\node_modules\.staging\bcrypt-7386f18f
303 silly gentlyRm C:\Users\SFWK-C0GBPX1\Desktop\WDI\code\wdi\wdi-atx-10\projects\charityProject\backend\node_modules\.staging\bcrypt-7386f18f is being purged
304 verbose gentlyRm don't care about contents; nuking C:\Users\SFWK-C0GBPX1\Desktop\WDI\code\wdi\wdi-atx-10\projects\charityProject\backend\node_modules\.staging\bcrypt-7386f18f
305 verbose tar unpack C:\Users\SFWK-C0GBPX1\AppData\Roaming\npm-cache\when\3.7.8\package.tgz
306 verbose tar unpacking to C:\Users\SFWK-C0GBPX1\Desktop\WDI\code\wdi\wdi-atx-10\projects\charityProject\backend\node_modules\.staging\when-621d0a2f
307 silly gentlyRm C:\Users\SFWK-C0GBPX1\Desktop\WDI\code\wdi\wdi-atx-10\projects\charityProject\backend\node_modules\.staging\when-621d0a2f is being purged
308 verbose gentlyRm don't care about contents; nuking C:\Users\SFWK-C0GBPX1\Desktop\WDI\code\wdi\wdi-atx-10\projects\charityProject\backend\node_modules\.staging\when-621d0a2f
309 verbose tar unpack C:\Users\SFWK-C0GBPX1\AppData\Roaming\npm-cache\bcrypt-as-promised\1.1.0\package.tgz
310 verbose tar unpacking to C:\Users\SFWK-C0GBPX1\Desktop\WDI\code\wdi\wdi-atx-10\projects\charityProject\backend\node_modules\.staging\bcrypt-as-promised-8dca45a8
311 silly gentlyRm C:\Users\SFWK-C0GBPX1\Desktop\WDI\code\wdi\wdi-atx-10\projects\charityProject\backend\node_modules\.staging\bcrypt-as-promised-8dca45a8 is being purged
312 verbose gentlyRm don't care about contents; nuking C:\Users\SFWK-C0GBPX1\Desktop\WDI\code\wdi\wdi-atx-10\projects\charityProject\backend\node_modules\.staging\bcrypt-as-promised-8dca45a8
313 silly gunzTarPerm modes [ '777', '666' ]
314 silly gunzTarPerm modes [ '777', '666' ]
315 silly gunzTarPerm modes [ '777', '666' ]
316 silly gunzTarPerm modes [ '777', '666' ]
317 silly gunzTarPerm modes [ '777', '666' ]
318 silly gunzTarPerm extractEntry package.json
319 silly gunzTarPerm modified mode [ 'package.json', 420, 438 ]
320 silly gunzTarPerm extractEntry package.json
321 silly gunzTarPerm modified mode [ 'package.json', 436, 438 ]
322 silly gunzTarPerm extractEntry package.json
323 silly gunzTarPerm modified mode [ 'package.json', 420, 438 ]
324 silly gunzTarPerm extractEntry package.json
325 silly gunzTarPerm modified mode [ 'package.json', 420, 438 ]
326 silly gunzTarPerm extractEntry package.json
327 silly gunzTarPerm modified mode [ 'package.json', 420, 438 ]
328 silly gunzTarPerm extractEntry README.md
329 silly gunzTarPerm modified mode [ 'README.md', 420, 438 ]
330 silly gunzTarPerm extractEntry bindings.js
331 silly gunzTarPerm modified mode [ 'bindings.js', 420, 438 ]
332 silly gunzTarPerm extractEntry README.md
333 silly gunzTarPerm modified mode [ 'README.md', 436, 438 ]
334 silly gunzTarPerm extractEntry include_dirs.js
335 silly gunzTarPerm modified mode [ 'include_dirs.js', 436, 438 ]
336 silly gunzTarPerm extractEntry .npmignore
337 silly gunzTarPerm modified mode [ '.npmignore', 420, 438 ]
338 silly gunzTarPerm extractEntry README.md
339 silly gunzTarPerm modified mode [ 'README.md', 420, 438 ]
340 silly gunzTarPerm extractEntry README.md
341 silly gunzTarPerm modified mode [ 'README.md', 420, 438 ]
342 silly gunzTarPerm extractEntry delay.js
343 silly gunzTarPerm modified mode [ 'delay.js', 420, 438 ]
344 silly gunzTarPerm extractEntry .npmignore
345 silly gunzTarPerm modified mode [ '.npmignore', 420, 438 ]
346 silly gunzTarPerm extractEntry LICENSE
347 silly gunzTarPerm modified mode [ 'LICENSE', 420, 438 ]
348 silly gunzTarPerm extractEntry LICENSE
349 silly gunzTarPerm modified mode [ 'LICENSE', 420, 438 ]
350 silly gunzTarPerm extractEntry bcrypt.js
351 silly gunzTarPerm modified mode [ 'bcrypt.js', 420, 438 ]
352 silly gunzTarPerm extractEntry Makefile
353 silly gunzTarPerm modified mode [ 'Makefile', 420, 438 ]
354 silly gunzTarPerm extractEntry .travis.yml
355 silly gunzTarPerm modified mode [ '.travis.yml', 420, 438 ]
356 silly gunzTarPerm extractEntry CHANGELOG.md
357 silly gunzTarPerm modified mode [ 'CHANGELOG.md', 420, 438 ]
358 silly gunzTarPerm extractEntry binding.gyp
359 silly gunzTarPerm modified mode [ 'binding.gyp', 420, 438 ]
360 silly gunzTarPerm extractEntry examples/async_compare.js
361 silly gunzTarPerm modified mode [ 'examples/async_compare.js', 420, 438 ]
362 silly gunzTarPerm extractEntry examples/forever_gen_salt.js
363 silly gunzTarPerm modified mode [ 'examples/forever_gen_salt.js', 420, 438 ]
364 silly gunzTarPerm extractEntry test/async.js
365 silly gunzTarPerm modified mode [ 'test/async.js', 420, 438 ]
366 silly gunzTarPerm extractEntry test/repetitions.js
367 silly gunzTarPerm modified mode [ 'test/repetitions.js', 420, 438 ]
368 silly gunzTarPerm extractEntry test/sync.js
369 silly gunzTarPerm modified mode [ 'test/sync.js', 420, 438 ]
370 silly gunzTarPerm extractEntry ISSUE_TEMPLATE.md
371 silly gunzTarPerm modified mode [ 'ISSUE_TEMPLATE.md', 420, 438 ]
372 silly gunzTarPerm extractEntry src/bcrypt.cc
373 silly gunzTarPerm modified mode [ 'src/bcrypt.cc', 420, 438 ]
374 silly gunzTarPerm extractEntry src/bcrypt_node.cc
375 silly gunzTarPerm modified mode [ 'src/bcrypt_node.cc', 420, 438 ]
376 silly gunzTarPerm extractEntry src/blowfish.cc
377 silly gunzTarPerm modified mode [ 'src/blowfish.cc', 420, 438 ]
378 silly gunzTarPerm extractEntry src/node_blf.h
379 silly gunzTarPerm modified mode [ 'src/node_blf.h', 420, 438 ]
380 silly gunzTarPerm extractEntry werker.yml
381 silly gunzTarPerm modified mode [ 'werker.yml', 420, 438 ]
382 silly gunzTarPerm extractEntry nan_converters.h
383 silly gunzTarPerm modified mode [ 'nan_converters.h', 436, 438 ]
384 silly gunzTarPerm extractEntry LICENSE.md
385 silly gunzTarPerm modified mode [ 'LICENSE.md', 436, 438 ]
386 silly gunzTarPerm extractEntry doc/node_misc.md
387 silly gunzTarPerm modified mode [ 'doc/node_misc.md', 436, 438 ]
388 silly gunzTarPerm extractEntry generator.js
389 silly gunzTarPerm modified mode [ 'generator.js', 420, 438 ]
390 silly gunzTarPerm extractEntry guard.js
391 silly gunzTarPerm modified mode [ 'guard.js', 420, 438 ]
392 silly gunzTarPerm extractEntry doc/asyncworker.md
393 silly gunzTarPerm modified mode [ 'doc/asyncworker.md', 436, 438 ]
394 silly gunzTarPerm extractEntry index.js
395 silly gunzTarPerm modified mode [ 'index.js', 420, 438 ]
396 silly gunzTarPerm extractEntry .travis.yml
397 silly gunzTarPerm modified mode [ '.travis.yml', 420, 438 ]
398 silly gunzTarPerm extractEntry doc/callback.md
399 silly gunzTarPerm modified mode [ 'doc/callback.md', 436, 438 ]
400 silly gunzTarPerm extractEntry doc/converters.md
401 silly gunzTarPerm modified mode [ 'doc/converters.md', 436, 438 ]
402 silly gunzTarPerm extractEntry Readme.md
403 silly gunzTarPerm modified mode [ 'Readme.md', 420, 438 ]
404 silly gunzTarPerm extractEntry test/index.js
405 silly gunzTarPerm modified mode [ 'test/index.js', 420, 438 ]
406 silly gunzTarPerm extractEntry doc/errors.md
407 silly gunzTarPerm modified mode [ 'doc/errors.md', 436, 438 ]
408 silly gunzTarPerm extractEntry doc/maybe_types.md
409 silly gunzTarPerm modified mode [ 'doc/maybe_types.md', 436, 438 ]
410 silly gunzTarPerm extractEntry callbacks.js
411 silly gunzTarPerm modified mode [ 'callbacks.js', 420, 438 ]
412 silly gunzTarPerm extractEntry monitor.js
413 silly gunzTarPerm modified mode [ 'monitor.js', 420, 438 ]
414 silly gunzTarPerm extractEntry doc/methods.md
415 silly gunzTarPerm modified mode [ 'doc/methods.md', 436, 438 ]
416 silly gunzTarPerm extractEntry doc/new.md
417 silly gunzTarPerm modified mode [ 'doc/new.md', 436, 438 ]
418 silly gunzTarPerm extractEntry function.js
419 silly gunzTarPerm modified mode [ 'function.js', 420, 438 ]
420 silly gunzTarPerm extractEntry unfold.js
421 silly gunzTarPerm modified mode [ 'unfold.js', 420, 438 ]
422 silly gunzTarPerm extractEntry doc/buffers.md
423 silly gunzTarPerm modified mode [ 'doc/buffers.md', 436, 438 ]
424 silly gunzTarPerm extractEntry doc/object_wrappers.md
425 silly gunzTarPerm modified mode [ 'doc/object_wrappers.md', 436, 438 ]
426 silly gunzTarPerm extractEntry cancelable.js
427 silly gunzTarPerm modified mode [ 'cancelable.js', 420, 438 ]
428 silly gunzTarPerm extractEntry parallel.js
429 silly gunzTarPerm modified mode [ 'parallel.js', 420, 438 ]
430 silly gunzTarPerm extractEntry pipeline.js
431 silly gunzTarPerm modified mode [ 'pipeline.js', 420, 438 ]
432 silly gunzTarPerm extractEntry poll.js
433 silly gunzTarPerm modified mode [ 'poll.js', 420, 438 ]
434 silly gunzTarPerm extractEntry doc/persistent.md
435 silly gunzTarPerm modified mode [ 'doc/persistent.md', 436, 438 ]
436 silly gunzTarPerm extractEntry doc/scopes.md
437 silly gunzTarPerm modified mode [ 'doc/scopes.md', 436, 438 ]
438 silly gentlyRm C:\Users\SFWK-C0GBPX1\Desktop\WDI\code\wdi\wdi-atx-10\projects\charityProject\backend\node_modules\.staging\bindings-3ba54819\node_modules is being purged
439 verbose gentlyRm don't care about contents; nuking C:\Users\SFWK-C0GBPX1\Desktop\WDI\code\wdi\wdi-atx-10\projects\charityProject\backend\node_modules\.staging\bindings-3ba54819\node_modules
440 silly gunzTarPerm extractEntry doc/script.md
441 silly gunzTarPerm modified mode [ 'doc/script.md', 436, 438 ]
442 silly gunzTarPerm extractEntry doc/string_bytes.md
443 silly gunzTarPerm modified mode [ 'doc/string_bytes.md', 436, 438 ]
444 silly gunzTarPerm extractEntry doc/v8_internals.md
445 silly gunzTarPerm modified mode [ 'doc/v8_internals.md', 436, 438 ]
446 silly gunzTarPerm extractEntry doc/v8_misc.md
447 silly gunzTarPerm modified mode [ 'doc/v8_misc.md', 436, 438 ]
448 silly gunzTarPerm extractEntry node.js
449 silly gunzTarPerm modified mode [ 'node.js', 420, 438 ]
450 silly gunzTarPerm extractEntry when.js
451 silly gunzTarPerm modified mode [ 'when.js', 420, 438 ]
452 silly gunzTarPerm extractEntry nan.h
453 silly gunzTarPerm modified mode [ 'nan.h', 436, 438 ]
454 silly gunzTarPerm extractEntry nan_callbacks.h
455 silly gunzTarPerm modified mode [ 'nan_callbacks.h', 436, 438 ]
456 silly gunzTarPerm extractEntry nan_callbacks_12_inl.h
457 silly gunzTarPerm modified mode [ 'nan_callbacks_12_inl.h', 436, 438 ]
458 silly gunzTarPerm extractEntry nan_callbacks_pre_12_inl.h
459 silly gunzTarPerm modified mode [ 'nan_callbacks_pre_12_inl.h', 436, 438 ]
460 silly gunzTarPerm extractEntry nan_converters_43_inl.h
461 silly gunzTarPerm modified mode [ 'nan_converters_43_inl.h', 436, 438 ]
462 silly gunzTarPerm extractEntry nan_converters_pre_43_inl.h
463 silly gunzTarPerm modified mode [ 'nan_converters_pre_43_inl.h', 436, 438 ]
464 silly gunzTarPerm extractEntry nan_implementation_12_inl.h
465 silly gunzTarPerm modified mode [ 'nan_implementation_12_inl.h', 436, 438 ]
466 silly gunzTarPerm extractEntry nan_implementation_pre_12_inl.h
467 silly gunzTarPerm modified mode [ 'nan_implementation_pre_12_inl.h', 436, 438 ]
468 silly gunzTarPerm extractEntry nan_maybe_43_inl.h
469 silly gunzTarPerm modified mode [ 'nan_maybe_43_inl.h', 436, 438 ]
470 silly gunzTarPerm extractEntry nan_maybe_pre_43_inl.h
471 silly gunzTarPerm modified mode [ 'nan_maybe_pre_43_inl.h', 436, 438 ]
472 silly gunzTarPerm extractEntry nan_new.h
473 silly gunzTarPerm modified mode [ 'nan_new.h', 436, 438 ]
474 silly gunzTarPerm extractEntry nan_object_wrap.h
475 silly gunzTarPerm modified mode [ 'nan_object_wrap.h', 436, 438 ]
476 silly gunzTarPerm extractEntry nan_persistent_12_inl.h
477 silly gunzTarPerm modified mode [ 'nan_persistent_12_inl.h', 436, 438 ]
478 silly gunzTarPerm extractEntry nan_persistent_pre_12_inl.h
479 silly gunzTarPerm modified mode [ 'nan_persistent_pre_12_inl.h', 436, 438 ]
480 silly gunzTarPerm extractEntry nan_string_bytes.h
481 silly gunzTarPerm modified mode [ 'nan_string_bytes.h', 436, 438 ]
482 silly gunzTarPerm extractEntry nan_typedarray_contents.h
483 silly gunzTarPerm modified mode [ 'nan_typedarray_contents.h', 436, 438 ]
484 silly gunzTarPerm extractEntry nan_weak.h
485 silly gunzTarPerm modified mode [ 'nan_weak.h', 436, 438 ]
486 silly gunzTarPerm extractEntry CHANGELOG.md
487 silly gunzTarPerm modified mode [ 'CHANGELOG.md', 436, 438 ]
488 silly gunzTarPerm extractEntry tools/package.json
489 silly gunzTarPerm modified mode [ 'tools/package.json', 436, 438 ]
490 silly gunzTarPerm extractEntry tools/README.md
491 silly gunzTarPerm modified mode [ 'tools/README.md', 436, 438 ]
492 silly gunzTarPerm extractEntry tools/1to2.js
493 silly gunzTarPerm modified mode [ 'tools/1to2.js', 509, 511 ]
494 silly gentlyRm C:\Users\SFWK-C0GBPX1\Desktop\WDI\code\wdi\wdi-atx-10\projects\charityProject\backend\node_modules\.staging\bcrypt-as-promised-8dca45a8\node_modules is being purged
495 verbose gentlyRm don't care about contents; nuking C:\Users\SFWK-C0GBPX1\Desktop\WDI\code\wdi\wdi-atx-10\projects\charityProject\backend\node_modules\.staging\bcrypt-as-promised-8dca45a8\node_modules
496 silly gunzTarPerm extractEntry sequence.js
497 silly gunzTarPerm modified mode [ 'sequence.js', 420, 438 ]
498 silly gunzTarPerm extractEntry timeout.js
499 silly gunzTarPerm modified mode [ 'timeout.js', 420, 438 ]
500 silly gunzTarPerm extractEntry keys.js
501 silly gunzTarPerm modified mode [ 'keys.js', 420, 438 ]
502 silly gunzTarPerm extractEntry dist/browser/when.debug.js
503 silly gunzTarPerm modified mode [ 'dist/browser/when.debug.js', 420, 438 ]
504 silly gunzTarPerm extractEntry dist/browser/when.js
505 silly gunzTarPerm modified mode [ 'dist/browser/when.js', 420, 438 ]
506 silly gunzTarPerm extractEntry dist/browser/when.min.js
507 silly gunzTarPerm modified mode [ 'dist/browser/when.min.js', 420, 438 ]
508 silly gunzTarPerm extractEntry dist/browser/when.debug.js.map
509 silly gunzTarPerm modified mode [ 'dist/browser/when.debug.js.map', 420, 438 ]
510 silly gunzTarPerm extractEntry dist/browser/when.js.map
511 silly gunzTarPerm modified mode [ 'dist/browser/when.js.map', 420, 438 ]
512 silly gunzTarPerm extractEntry dist/browser/when.min.js.map
513 silly gunzTarPerm modified mode [ 'dist/browser/when.min.js.map', 420, 438 ]
514 silly gunzTarPerm extractEntry es6-shim/README.md
515 silly gunzTarPerm modified mode [ 'es6-shim/README.md', 420, 438 ]
516 silly gunzTarPerm extractEntry es6-shim/Promise.browserify-es6.js
517 silly gunzTarPerm modified mode [ 'es6-shim/Promise.browserify-es6.js', 420, 438 ]
518 silly gunzTarPerm extractEntry es6-shim/Promise.js
519 silly gunzTarPerm modified mode [ 'es6-shim/Promise.js', 420, 438 ]
520 silly gunzTarPerm extractEntry es6-shim/Promise.min.js
521 silly gunzTarPerm modified mode [ 'es6-shim/Promise.min.js', 420, 438 ]
522 silly gunzTarPerm extractEntry es6-shim/Promise.js.map
523 silly gunzTarPerm modified mode [ 'es6-shim/Promise.js.map', 420, 438 ]
524 silly gunzTarPerm extractEntry es6-shim/Promise.min.js.map
525 silly gunzTarPerm modified mode [ 'es6-shim/Promise.min.js.map', 420, 438 ]
526 silly gunzTarPerm extractEntry CHANGES.md
527 silly gunzTarPerm modified mode [ 'CHANGES.md', 420, 438 ]
528 silly gunzTarPerm extractEntry lib/Promise.js
529 silly gunzTarPerm modified mode [ 'lib/Promise.js', 420, 438 ]
530 silly gunzTarPerm extractEntry lib/Scheduler.js
531 silly gunzTarPerm modified mode [ 'lib/Scheduler.js', 420, 438 ]
532 silly gunzTarPerm extractEntry lib/TimeoutError.js
533 silly gunzTarPerm modified mode [ 'lib/TimeoutError.js', 420, 438 ]
534 silly gunzTarPerm extractEntry lib/apply.js
535 silly gunzTarPerm modified mode [ 'lib/apply.js', 420, 438 ]
536 silly gunzTarPerm extractEntry lib/env.js
537 silly gunzTarPerm modified mode [ 'lib/env.js', 420, 438 ]
538 silly gunzTarPerm extractEntry lib/format.js
539 silly gunzTarPerm modified mode [ 'lib/format.js', 420, 438 ]
540 silly gunzTarPerm extractEntry lib/liftAll.js
541 silly gunzTarPerm modified mode [ 'lib/liftAll.js', 420, 438 ]
542 silly gunzTarPerm extractEntry lib/makePromise.js
543 silly gunzTarPerm modified mode [ 'lib/makePromise.js', 420, 438 ]
544 silly gunzTarPerm extractEntry lib/state.js
545 silly gunzTarPerm modified mode [ 'lib/state.js', 420, 438 ]
546 silly gunzTarPerm extractEntry lib/decorators/array.js
547 silly gunzTarPerm modified mode [ 'lib/decorators/array.js', 420, 438 ]
548 silly gunzTarPerm extractEntry lib/decorators/flow.js
549 silly gunzTarPerm modified mode [ 'lib/decorators/flow.js', 420, 438 ]
550 silly gunzTarPerm extractEntry lib/decorators/fold.js
551 silly gunzTarPerm modified mode [ 'lib/decorators/fold.js', 420, 438 ]
552 silly gunzTarPerm extractEntry lib/decorators/inspect.js
553 silly gunzTarPerm modified mode [ 'lib/decorators/inspect.js', 420, 438 ]
554 silly gunzTarPerm extractEntry lib/decorators/iterate.js
555 silly gunzTarPerm modified mode [ 'lib/decorators/iterate.js', 420, 438 ]
556 silly gunzTarPerm extractEntry lib/decorators/progress.js
557 silly gunzTarPerm modified mode [ 'lib/decorators/progress.js', 420, 438 ]
558 silly gunzTarPerm extractEntry lib/decorators/timed.js
559 silly gunzTarPerm modified mode [ 'lib/decorators/timed.js', 420, 438 ]
560 silly gunzTarPerm extractEntry lib/decorators/unhandledRejection.js
561 silly gunzTarPerm modified mode [ 'lib/decorators/unhandledRejection.js', 420, 438 ]
562 silly gunzTarPerm extractEntry lib/decorators/with.js
563 silly gunzTarPerm modified mode [ 'lib/decorators/with.js', 420, 438 ]
564 silly gunzTarPerm extractEntry monitor/README.md
565 silly gunzTarPerm modified mode [ 'monitor/README.md', 420, 438 ]
566 silly gunzTarPerm extractEntry monitor/ConsoleReporter.js
567 silly gunzTarPerm modified mode [ 'monitor/ConsoleReporter.js', 420, 438 ]
568 silly gunzTarPerm extractEntry monitor/PromiseMonitor.js
569 silly gunzTarPerm modified mode [ 'monitor/PromiseMonitor.js', 420, 438 ]
570 silly gunzTarPerm extractEntry monitor/console.js
571 silly gunzTarPerm modified mode [ 'monitor/console.js', 420, 438 ]
572 silly gunzTarPerm extractEntry monitor/error.js
573 silly gunzTarPerm modified mode [ 'monitor/error.js', 420, 438 ]
574 silly gunzTarPerm extractEntry LICENSE.txt
575 silly gunzTarPerm modified mode [ 'LICENSE.txt', 420, 438 ]
576 silly gunzTarPerm extractEntry node/function.js
577 silly gunzTarPerm modified mode [ 'node/function.js', 420, 438 ]
578 silly gunzTarPerm extractEntry scripts/browserify-tests.js
579 silly gunzTarPerm modified mode [ 'scripts/browserify-tests.js', 420, 438 ]
580 silly gunzTarPerm extractEntry scripts/browserify.js
581 silly gunzTarPerm modified mode [ 'scripts/browserify.js', 420, 438 ]
582 silly gunzTarPerm extractEntry unfold/list.js
583 silly gunzTarPerm modified mode [ 'unfold/list.js', 420, 438 ]
584 silly gentlyRm C:\Users\SFWK-C0GBPX1\Desktop\WDI\code\wdi\wdi-atx-10\projects\charityProject\backend\node_modules\.staging\bcrypt-7386f18f\node_modules is being purged
585 verbose gentlyRm don't care about contents; nuking C:\Users\SFWK-C0GBPX1\Desktop\WDI\code\wdi\wdi-atx-10\projects\charityProject\backend\node_modules\.staging\bcrypt-7386f18f\node_modules
586 silly gentlyRm C:\Users\SFWK-C0GBPX1\Desktop\WDI\code\wdi\wdi-atx-10\projects\charityProject\backend\node_modules\.staging\nan-8aac9830\node_modules is being purged
587 verbose gentlyRm don't care about contents; nuking C:\Users\SFWK-C0GBPX1\Desktop\WDI\code\wdi\wdi-atx-10\projects\charityProject\backend\node_modules\.staging\nan-8aac9830\node_modules
588 silly gentlyRm C:\Users\SFWK-C0GBPX1\Desktop\WDI\code\wdi\wdi-atx-10\projects\charityProject\backend\node_modules\.staging\when-621d0a2f\node_modules is being purged
589 verbose gentlyRm don't care about contents; nuking C:\Users\SFWK-C0GBPX1\Desktop\WDI\code\wdi\wdi-atx-10\projects\charityProject\backend\node_modules\.staging\when-621d0a2f\node_modules
590 silly doParallel preinstall 5
591 silly preinstall bindings@1.2.1 C:\Users\SFWK-C0GBPX1\Desktop\WDI\code\wdi\wdi-atx-10\projects\charityProject\backend\node_modules\.staging\bindings-3ba54819
592 info lifecycle bindings@1.2.1~preinstall: bindings@1.2.1
593 silly preinstall nan@2.3.5 C:\Users\SFWK-C0GBPX1\Desktop\WDI\code\wdi\wdi-atx-10\projects\charityProject\backend\node_modules\.staging\nan-8aac9830
594 info lifecycle nan@2.3.5~preinstall: nan@2.3.5
595 silly preinstall bcrypt@0.8.7 C:\Users\SFWK-C0GBPX1\Desktop\WDI\code\wdi\wdi-atx-10\projects\charityProject\backend\node_modules\.staging\bcrypt-7386f18f
596 info lifecycle bcrypt@0.8.7~preinstall: bcrypt@0.8.7
597 silly preinstall when@3.7.8 C:\Users\SFWK-C0GBPX1\Desktop\WDI\code\wdi\wdi-atx-10\projects\charityProject\backend\node_modules\.staging\when-621d0a2f
598 info lifecycle when@3.7.8~preinstall: when@3.7.8
599 silly preinstall bcrypt-as-promised@1.1.0 C:\Users\SFWK-C0GBPX1\Desktop\WDI\code\wdi\wdi-atx-10\projects\charityProject\backend\node_modules\.staging\bcrypt-as-promised-8dca45a8
600 info lifecycle bcrypt-as-promised@1.1.0~preinstall: bcrypt-as-promised@1.1.0
601 silly lifecycle bindings@1.2.1~preinstall: no script for preinstall, continuing
602 silly lifecycle nan@2.3.5~preinstall: no script for preinstall, continuing
603 silly lifecycle bcrypt@0.8.7~preinstall: no script for preinstall, continuing
604 silly lifecycle when@3.7.8~preinstall: no script for preinstall, continuing
605 silly lifecycle bcrypt-as-promised@1.1.0~preinstall: no script for preinstall, continuing
606 silly doReverseSerial remove 0
607 silly doSerial move 0
608 silly doSerial finalize 5
609 silly finalize C:\Users\SFWK-C0GBPX1\Desktop\WDI\code\wdi\wdi-atx-10\projects\charityProject\backend\node_modules\bindings
610 silly finalize C:\Users\SFWK-C0GBPX1\Desktop\WDI\code\wdi\wdi-atx-10\projects\charityProject\backend\node_modules\nan
611 silly finalize C:\Users\SFWK-C0GBPX1\Desktop\WDI\code\wdi\wdi-atx-10\projects\charityProject\backend\node_modules\bcrypt-as-promised\node_modules\bcrypt
612 silly finalize C:\Users\SFWK-C0GBPX1\Desktop\WDI\code\wdi\wdi-atx-10\projects\charityProject\backend\node_modules\when
613 silly finalize C:\Users\SFWK-C0GBPX1\Desktop\WDI\code\wdi\wdi-atx-10\projects\charityProject\backend\node_modules\bcrypt-as-promised
614 silly doSerial build 5
615 silly build bindings@1.2.1
616 info linkStuff bindings@1.2.1
617 silly linkStuff bindings@1.2.1 has C:\Users\SFWK-C0GBPX1\Desktop\WDI\code\wdi\wdi-atx-10\projects\charityProject\backend\node_modules as its parent node_modules
618 verbose linkBins bindings@1.2.1
619 verbose linkMans bindings@1.2.1
620 silly build nan@2.3.5
621 info linkStuff nan@2.3.5
622 silly linkStuff nan@2.3.5 has C:\Users\SFWK-C0GBPX1\Desktop\WDI\code\wdi\wdi-atx-10\projects\charityProject\backend\node_modules as its parent node_modules
623 verbose linkBins nan@2.3.5
624 verbose linkMans nan@2.3.5
625 silly build bcrypt@0.8.7
626 info linkStuff bcrypt@0.8.7
627 silly linkStuff bcrypt@0.8.7 has C:\Users\SFWK-C0GBPX1\Desktop\WDI\code\wdi\wdi-atx-10\projects\charityProject\backend\node_modules\bcrypt-as-promised\node_modules as its parent node_modules
628 verbose linkBins bcrypt@0.8.7
629 verbose linkMans bcrypt@0.8.7
630 silly build when@3.7.8
631 info linkStuff when@3.7.8
632 silly linkStuff when@3.7.8 has C:\Users\SFWK-C0GBPX1\Desktop\WDI\code\wdi\wdi-atx-10\projects\charityProject\backend\node_modules as its parent node_modules
633 verbose linkBins when@3.7.8
634 verbose linkMans when@3.7.8
635 silly build bcrypt-as-promised@1.1.0
636 info linkStuff bcrypt-as-promised@1.1.0
637 silly linkStuff bcrypt-as-promised@1.1.0 has C:\Users\SFWK-C0GBPX1\Desktop\WDI\code\wdi\wdi-atx-10\projects\charityProject\backend\node_modules as its parent node_modules
638 verbose linkBins bcrypt-as-promised@1.1.0
639 verbose linkMans bcrypt-as-promised@1.1.0
640 silly doSerial global-link 0
641 silly doParallel update-linked 0
642 silly doSerial install 5
643 silly install bindings@1.2.1 C:\Users\SFWK-C0GBPX1\Desktop\WDI\code\wdi\wdi-atx-10\projects\charityProject\backend\node_modules\.staging\bindings-3ba54819
644 info lifecycle bindings@1.2.1~install: bindings@1.2.1
645 silly lifecycle bindings@1.2.1~install: no script for install, continuing
646 silly install nan@2.3.5 C:\Users\SFWK-C0GBPX1\Desktop\WDI\code\wdi\wdi-atx-10\projects\charityProject\backend\node_modules\.staging\nan-8aac9830
647 info lifecycle nan@2.3.5~install: nan@2.3.5
648 silly lifecycle nan@2.3.5~install: no script for install, continuing
649 silly install bcrypt@0.8.7 C:\Users\SFWK-C0GBPX1\Desktop\WDI\code\wdi\wdi-atx-10\projects\charityProject\backend\node_modules\.staging\bcrypt-7386f18f
650 info lifecycle bcrypt@0.8.7~install: bcrypt@0.8.7
651 verbose lifecycle bcrypt@0.8.7~install: unsafe-perm in lifecycle true
652 verbose lifecycle bcrypt@0.8.7~install: PATH: C:\Program Files\nodejs\node_modules\npm\bin\node-gyp-bin;C:\Users\SFWK-C0GBPX1\Desktop\WDI\code\wdi\wdi-atx-10\projects\charityProject\backend\node_modules\bcrypt-as-promised\node_modules\bcrypt\node_modules\.bin;C:\Users\SFWK-C0GBPX1\Desktop\WDI\code\wdi\wdi-atx-10\projects\charityProject\backend\node_modules\bcrypt-as-promised\node_modules\.bin;C:\Users\SFWK-C0GBPX1\Desktop\WDI\code\wdi\wdi-atx-10\projects\charityProject\backend\node_modules\.bin;C:\Users\SFWK-C0GBPX1\bin;C:\Program Files\Git\mingw64\bin;C:\Program Files\Git\usr\local\bin;C:\Program Files\Git\usr\bin;C:\Program Files\Git\usr\bin;C:\Program Files\Git\mingw64\bin;C:\Program Files\Git\usr\bin;C:\Users\SFWK-C0GBPX1\bin;C:\ProgramData\Oracle\Java\javapath;C:\Program Files\Common Files\Microsoft Shared\Windows Live;C:\Program Files (x86)\Common Files\Microsoft Shared\Windows Live;C:\Program Files (x86)\Intel\iCLS Client;C:\Program Files\Intel\iCLS Client;C:\WINDOWS\system32;C:\WINDOWS;C:\WINDOWS\System32\Wbem;C:\WINDOWS\System32\WindowsPowerShell\v1.0;C:\Program Files\Intel\WiFi\bin;C:\Program Files\Common Files\Intel\WirelessCommon;C:\Program Files\Intel\Intel(R) Management Engine Components\DAL;C:\Program Files\Intel\Intel(R) Management Engine Components\IPT;C:\Program Files (x86)\Intel\Intel(R) Management Engine Components\DAL;C:\Program Files (x86)\Intel\Intel(R) Management Engine Components\IPT;C:\Program Files\WIDCOMM\Bluetooth Software;C:\Program Files\WIDCOMM\Bluetooth Software\syswow64;C:\Program Files\Dell\Dell Data Protection\Access\Advanced\Wave\Gemalto\Access Client\v5;C:\Program Files (x86)\Security Innovation\SI TSS\bin;C:\Program Files (x86)\Windows Live\Shared;C:\Users\SFWK-C0GBPX1\Desktop\nvm\nvm;C:\Program Files\nodejs;C:\Program Files\nodejs;C:\Users\SFWK-C0GBPX1\AppData\Local\Microsoft\WindowsApps;C:\Users\SFWK-C0GBPX1\Desktop\nvm\nvm;C:\Program Files\nodejs;C:\Users\SFWK-C0GBPX1\AppData\Roaming\npm;C:\Users\SFWK-C0GBPX1\AppData\Local\atom\bin;C:\Program Files\Git\usr\bin\vendor_perl;C:\Program Files\Git\usr\bin\core_perl
653 verbose lifecycle bcrypt@0.8.7~install: CWD: C:\Users\SFWK-C0GBPX1\Desktop\WDI\code\wdi\wdi-atx-10\projects\charityProject\backend\node_modules\bcrypt-as-promised\node_modules\bcrypt
654 silly lifecycle bcrypt@0.8.7~install: Args: [ '/d /s /c', 'node-gyp rebuild' ]
655 silly lifecycle bcrypt@0.8.7~install: Returned: code: 1  signal: null
656 info lifecycle bcrypt@0.8.7~install: Failed to exec install script
657 verbose unlock done using C:\Users\SFWK-C0GBPX1\AppData\Roaming\npm-cache\_locks\staging-2c27288c08e3cbfc.lock for C:\Users\SFWK-C0GBPX1\Desktop\WDI\code\wdi\wdi-atx-10\projects\charityProject\backend\node_modules\.staging
658 silly rollbackFailedOptional Starting
659 silly rollbackFailedOptional Finishing
660 silly runTopLevelLifecycles Finishing
661 silly install printInstalled
662 verbose stack Error: bcrypt@0.8.7 install: `node-gyp rebuild`
662 verbose stack Exit status 1
662 verbose stack     at EventEmitter.<anonymous> (C:\Program Files\nodejs\node_modules\npm\lib\utils\lifecycle.js:255:16)
662 verbose stack     at emitTwo (events.js:106:13)
662 verbose stack     at EventEmitter.emit (events.js:191:7)
662 verbose stack     at ChildProcess.<anonymous> (C:\Program Files\nodejs\node_modules\npm\lib\utils\spawn.js:40:14)
662 verbose stack     at emitTwo (events.js:106:13)
662 verbose stack     at ChildProcess.emit (events.js:191:7)
662 verbose stack     at maybeClose (internal/child_process.js:877:16)
662 verbose stack     at Process.ChildProcess._handle.onexit (internal/child_process.js:226:5)
663 verbose pkgid bcrypt@0.8.7
664 verbose cwd C:\Users\SFWK-C0GBPX1\Desktop\WDI\code\wdi\wdi-atx-10\projects\charityProject\backend
665 error Windows_NT 10.0.14393
666 error argv "C:\\Program Files\\nodejs\\node.exe" "C:\\Program Files\\nodejs\\node_modules\\npm\\bin\\npm-cli.js" "i" "bcrypt-as-promised" "--save"
667 error node v6.10.0
668 error npm  v3.10.10
669 error code ELIFECYCLE
670 error bcrypt@0.8.7 install: `node-gyp rebuild`
670 error Exit status 1
671 error Failed at the bcrypt@0.8.7 install script 'node-gyp rebuild'.
671 error Make sure you have the latest version of node.js and npm installed.
671 error If you do, this is most likely a problem with the bcrypt package,
671 error not with npm itself.
671 error Tell the author that this fails on your system:
671 error     node-gyp rebuild
671 error You can get information on how to open an issue for this project with:
671 error     npm bugs bcrypt
671 error Or if that isn't available, you can get their info via:
671 error     npm owner ls bcrypt
671 error There is likely additional logging output above.
672 verbose exit [ 1, true ]
